[22:00:40] [Thread-4/INFO]: [STDOUT]: SERVER enter state: DORMANT
[22:00:40] [EnvServerSocketHandler/INFO]: Received Mission token 023ae719-f4b9-4e5e-aa2a-06297c246d8f:0:0:1:true
[22:00:40] [EnvServerSocketHandler/INFO]: Received mission init command  <MissionInit xmlns="http://ProjectMalmo.microsoft.com" xmlns:xsi="http://www.w3.org/2001/XMLSchema-instance" SchemaVersion="" PlatformVersion="0.37.0"><Mission><About><Summary>MineRLBasaltFindCave-v0</Summary></About><ModSettings><MsPerTick>50</MsPerTick></ModSettings><ServerSection><ServerInitialConditions><Time><AllowPassageOfTime>false</AllowPassageOfTime></Time><AllowSpawning>true</AllowSpawning></ServerInitialConditions><ServerHandlers><DefaultWorldGenerator forceReset="true" generatorOptions="{}"/><ServerQuitFromTimeUp timeLimitMs="180000" description="out_of_time"/><ServerQuitWhenAnyAgentFinishes/></ServerHandlers></ServerSection><AgentSection mode="Survival"><Name>MineRLAgent0</Name><AgentStart><LowLevelInputs>true</LowLevelInputs><GuiScale>1.0</GuiScale><GammaSetting>2.0</GammaSetting><FOVSetting>70.0</FOVSetting><FakeCursorSize>16</FakeCursorSize><Inventory/><PreferredSpawnBiome>plains</PreferredSpawnBiome><DoneOnDeath>true</DoneOnDeath></AgentStart><AgentHandlers><FileBasedPerformanceProducer/><PauseCommand/><VideoProducer want_depth="false"><Width>640</Width><Height>360</Height></VideoProducer><HumanLevelCommands/><CameraCommands/></AgentHandlers></AgentSection></Mission><ExperimentUID>023ae719-f4b9-4e5e-aa2a-06297c246d8f</ExperimentUID><ClientRole>0</ClientRole><ClientAgentConnection><ClientIPAddress>127.0.0.1</ClientIPAddress><ClientMissionControlPort>0</ClientMissionControlPort><ClientCommandsPort>0</ClientCommandsPort><AgentIPAddress>127.0.0.1</AgentIPAddress><AgentMissionControlPort>0</AgentMissionControlPort><AgentVideoPort>0</AgentVideoPort><AgentDepthPort>0</AgentDepthPort><AgentLuminancePort>0</AgentLuminancePort><AgentObservationsPort>0</AgentObservationsPort><AgentRewardsPort>0</AgentRewardsPort><AgentColourMapPort>0</AgentColourMapPort></ClientAgentConnection></MissionInit>
[22:00:40] [EnvServerSocketHandler/INFO]: [STDOUT]: Setting width, height to 640, 360
[22:00:40] [EnvServerSocketHandler/INFO]: [STDOUT]: Gamma: 2.0
[22:00:40] [EnvServerSocketHandler/INFO]: [STDOUT]: FOV: 70.0
[22:00:40] [EnvServerSocketHandler/INFO]: [STDOUT]: GuiScale: 1.0
[22:00:40] [Render thread/INFO]: [STDOUT]: Seed not provided, generating random one: -5079595962427593841
[22:00:42] [Render thread/WARN]: Ambiguity between arguments [teleport, destination] and [teleport, targets] with inputs: [Player, 0123, @e, dd12be42-52a9-4a91-a8a1-11c01849e498]
[22:00:42] [Render thread/WARN]: Ambiguity between arguments [teleport, location] and [teleport, destination] with inputs: [0.1 -0.5 .9, 0 0 0]
[22:00:42] [Render thread/WARN]: Ambiguity between arguments [teleport, location] and [teleport, targets] with inputs: [0.1 -0.5 .9, 0 0 0]
[22:00:42] [Render thread/WARN]: Ambiguity between arguments [teleport, targets] and [teleport, destination] with inputs: [Player, 0123, dd12be42-52a9-4a91-a8a1-11c01849e498]
[22:00:42] [Render thread/WARN]: Ambiguity between arguments [teleport, targets, location] and [teleport, targets, destination] with inputs: [0.1 -0.5 .9, 0 0 0]
[22:00:42] [Render thread/INFO]: Reloading ResourceManager: Default
[22:00:42] [Render thread/INFO]: Loaded 7 recipes
[22:00:42] [Render thread/INFO]: Loaded 927 advancements
[22:00:43] [Render thread/INFO]: Environment: authHost='https://authserver.mojang.com', accountsHost='https://api.mojang.com', sessionHost='https://sessionserver.mojang.com', servicesHost='https://api.minecraftservices.com', name='PROD'
[22:00:43] [Render thread/INFO]: Starting integrated minecraft server version 1.16.5
[22:00:43] [Render thread/INFO]: Generating keypair
[22:00:48] [Render thread/INFO]: Preparing start region for dimension minecraft:overworld
[22:00:58] [Render thread/INFO]: Changing view distance to 11, from 10
[22:00:59] [Render thread/INFO]: MineRLAgent0[local:E:6b7ed29f] logged in with entity id 290 at (-509.5, 69.0, 922.5)
[22:00:59] [Render thread/INFO]: MineRLAgent0 joined the game
[22:00:59] [Render thread/INFO]: [STDOUT]: *** creating fake mouse cursor ***
[22:00:59] [Render thread/INFO]: Preparing spawn area: 2%
[22:00:59] [Render thread/INFO]: Time elapsed: 8 ms
[22:01:00] [Render thread/INFO]: [STDOUT]: Starting new video null
[22:01:00] [Render thread/INFO]: Saving and pausing game...
[22:01:00] [Render thread/INFO]: Saving chunks for level 'ServerLevel[mcpworld5b06ee6b9225]'/minecraft:overworld
[22:01:01] [Render thread/INFO]: Saving chunks for level 'ServerLevel[mcpworld5b06ee6b9225]'/minecraft:the_nether
[22:01:01] [Render thread/INFO]: Saving chunks for level 'ServerLevel[mcpworld5b06ee6b9225]'/minecraft:the_end
[22:01:02] [Render thread/INFO]: Loaded 0 advancements
[22:02:28] [EnvServerSocketHandler/INFO]: [STDOUT]: *** Stopping the replay, returning control to the inputs
[22:02:29] [EnvServerSocketHandler/INFO]: Received Mission token 41f79fcf-ee3f-4640-8d91-3c2e74a25e20:0:0:1:true
[22:02:29] [EnvServerSocketHandler/INFO]: Received mission init command  <MissionInit xmlns="http://ProjectMalmo.microsoft.com" xmlns:xsi="http://www.w3.org/2001/XMLSchema-instance" SchemaVersion="" PlatformVersion="0.37.0"><Mission><About><Summary>MineRLBasaltFindCave-v0</Summary></About><ModSettings><MsPerTick>50</MsPerTick></ModSettings><ServerSection><ServerInitialConditions><Time><AllowPassageOfTime>false</AllowPassageOfTime></Time><AllowSpawning>true</AllowSpawning></ServerInitialConditions><ServerHandlers><DefaultWorldGenerator forceReset="true" generatorOptions="{}"/><ServerQuitFromTimeUp timeLimitMs="180000" description="out_of_time"/><ServerQuitWhenAnyAgentFinishes/></ServerHandlers></ServerSection><AgentSection mode="Survival"><Name>MineRLAgent0</Name><AgentStart><LowLevelInputs>true</LowLevelInputs><GuiScale>1.0</GuiScale><GammaSetting>2.0</GammaSetting><FOVSetting>70.0</FOVSetting><FakeCursorSize>16</FakeCursorSize><Inventory/><PreferredSpawnBiome>plains</PreferredSpawnBiome><DoneOnDeath>true</DoneOnDeath></AgentStart><AgentHandlers><FileBasedPerformanceProducer/><PauseCommand/><VideoProducer want_depth="false"><Width>640</Width><Height>360</Height></VideoProducer><HumanLevelCommands/><CameraCommands/></AgentHandlers></AgentSection></Mission><ExperimentUID>41f79fcf-ee3f-4640-8d91-3c2e74a25e20</ExperimentUID><ClientRole>0</ClientRole><ClientAgentConnection><ClientIPAddress>127.0.0.1</ClientIPAddress><ClientMissionControlPort>0</ClientMissionControlPort><ClientCommandsPort>0</ClientCommandsPort><AgentIPAddress>127.0.0.1</AgentIPAddress><AgentMissionControlPort>0</AgentMissionControlPort><AgentVideoPort>0</AgentVideoPort><AgentDepthPort>0</AgentDepthPort><AgentLuminancePort>0</AgentLuminancePort><AgentObservationsPort>0</AgentObservationsPort><AgentRewardsPort>0</AgentRewardsPort><AgentColourMapPort>0</AgentColourMapPort></ClientAgentConnection></MissionInit>
[22:02:29] [EnvServerSocketHandler/INFO]: [STDOUT]: Setting width, height to 640, 360
[22:02:29] [EnvServerSocketHandler/INFO]: [STDOUT]: Gamma: 2.0
[22:02:29] [EnvServerSocketHandler/INFO]: [STDOUT]: FOV: 70.0
[22:02:29] [EnvServerSocketHandler/INFO]: [STDOUT]: GuiScale: 1.0
[22:02:29] [Render thread/INFO]: [STDOUT]: Seed not provided, generating random one: 6397751865596804428
[22:02:30] [Render thread/WARN]: Ambiguity between arguments [teleport, destination] and [teleport, targets] with inputs: [Player, 0123, @e, dd12be42-52a9-4a91-a8a1-11c01849e498]
[22:02:30] [Render thread/WARN]: Ambiguity between arguments [teleport, location] and [teleport, destination] with inputs: [0.1 -0.5 .9, 0 0 0]
[22:02:30] [Render thread/WARN]: Ambiguity between arguments [teleport, location] and [teleport, targets] with inputs: [0.1 -0.5 .9, 0 0 0]
[22:02:30] [Render thread/WARN]: Ambiguity between arguments [teleport, targets] and [teleport, destination] with inputs: [Player, 0123, dd12be42-52a9-4a91-a8a1-11c01849e498]
[22:02:30] [Render thread/WARN]: Ambiguity between arguments [teleport, targets, location] and [teleport, targets, destination] with inputs: [0.1 -0.5 .9, 0 0 0]
[22:02:30] [Render thread/INFO]: Reloading ResourceManager: Default
[22:02:30] [Render thread/INFO]: Loaded 7 recipes
[22:02:30] [Render thread/INFO]: Loaded 927 advancements
[22:02:31] [Render thread/INFO]: Environment: authHost='https://authserver.mojang.com', accountsHost='https://api.mojang.com', sessionHost='https://sessionserver.mojang.com', servicesHost='https://api.minecraftservices.com', name='PROD'
[22:02:31] [Render thread/INFO]: Starting integrated minecraft server version 1.16.5
[22:02:31] [Render thread/INFO]: Generating keypair
[22:02:34] [Render thread/INFO]: Preparing start region for dimension minecraft:overworld
[22:02:49] [Render thread/INFO]: Changing view distance to 11, from 10
[22:02:49] [Render thread/INFO]: MineRLAgent0[local:E:dd912f44] logged in with entity id 1014 at (402.5, 69.0, 906.5)
[22:02:49] [Render thread/INFO]: MineRLAgent0 joined the game
[22:02:49] [Render thread/INFO]: Preparing spawn area: 23%
[22:02:49] [Render thread/INFO]: Time elapsed: 6 ms
[22:02:51] [Render thread/INFO]: [STDOUT]: Starting new video null
[22:02:51] [Render thread/INFO]: Saving and pausing game...
[22:02:51] [Render thread/INFO]: Saving chunks for level 'ServerLevel[mcpworld96f4eb4ad31b]'/minecraft:overworld
[22:02:52] [Render thread/INFO]: Saving chunks for level 'ServerLevel[mcpworld96f4eb4ad31b]'/minecraft:the_nether
[22:02:52] [Render thread/INFO]: Saving chunks for level 'ServerLevel[mcpworld96f4eb4ad31b]'/minecraft:the_end
[22:02:53] [Render thread/INFO]: Loaded 0 advancements
[22:04:07] [EnvServerSocketHandler/INFO]: [STDOUT]: *** Stopping the replay, returning control to the inputs
[22:04:08] [EnvServerSocketHandler/INFO]: Received Mission token 2e1ac2c4-493f-4bf6-ba0c-e6ef3908b8cc:0:0:1:true
[22:04:08] [EnvServerSocketHandler/INFO]: Received mission init command  <MissionInit xmlns="http://ProjectMalmo.microsoft.com" xmlns:xsi="http://www.w3.org/2001/XMLSchema-instance" SchemaVersion="" PlatformVersion="0.37.0"><Mission><About><Summary>MineRLBasaltFindCave-v0</Summary></About><ModSettings><MsPerTick>50</MsPerTick></ModSettings><ServerSection><ServerInitialConditions><Time><AllowPassageOfTime>false</AllowPassageOfTime></Time><AllowSpawning>true</AllowSpawning></ServerInitialConditions><ServerHandlers><DefaultWorldGenerator forceReset="true" generatorOptions="{}"/><ServerQuitFromTimeUp timeLimitMs="180000" description="out_of_time"/><ServerQuitWhenAnyAgentFinishes/></ServerHandlers></ServerSection><AgentSection mode="Survival"><Name>MineRLAgent0</Name><AgentStart><LowLevelInputs>true</LowLevelInputs><GuiScale>1.0</GuiScale><GammaSetting>2.0</GammaSetting><FOVSetting>70.0</FOVSetting><FakeCursorSize>16</FakeCursorSize><Inventory/><PreferredSpawnBiome>plains</PreferredSpawnBiome><DoneOnDeath>true</DoneOnDeath></AgentStart><AgentHandlers><FileBasedPerformanceProducer/><PauseCommand/><VideoProducer want_depth="false"><Width>640</Width><Height>360</Height></VideoProducer><HumanLevelCommands/><CameraCommands/></AgentHandlers></AgentSection></Mission><ExperimentUID>2e1ac2c4-493f-4bf6-ba0c-e6ef3908b8cc</ExperimentUID><ClientRole>0</ClientRole><ClientAgentConnection><ClientIPAddress>127.0.0.1</ClientIPAddress><ClientMissionControlPort>0</ClientMissionControlPort><ClientCommandsPort>0</ClientCommandsPort><AgentIPAddress>127.0.0.1</AgentIPAddress><AgentMissionControlPort>0</AgentMissionControlPort><AgentVideoPort>0</AgentVideoPort><AgentDepthPort>0</AgentDepthPort><AgentLuminancePort>0</AgentLuminancePort><AgentObservationsPort>0</AgentObservationsPort><AgentRewardsPort>0</AgentRewardsPort><AgentColourMapPort>0</AgentColourMapPort></ClientAgentConnection></MissionInit>
[22:04:08] [EnvServerSocketHandler/INFO]: [STDOUT]: Setting width, height to 640, 360
[22:04:08] [EnvServerSocketHandler/INFO]: [STDOUT]: Gamma: 2.0
[22:04:08] [EnvServerSocketHandler/INFO]: [STDOUT]: FOV: 70.0
[22:04:08] [EnvServerSocketHandler/INFO]: [STDOUT]: GuiScale: 1.0
[22:04:08] [Render thread/INFO]: [STDOUT]: Seed not provided, generating random one: 6065475831707532066
[22:04:08] [Render thread/WARN]: Ambiguity between arguments [teleport, destination] and [teleport, targets] with inputs: [Player, 0123, @e, dd12be42-52a9-4a91-a8a1-11c01849e498]
[22:04:08] [Render thread/WARN]: Ambiguity between arguments [teleport, location] and [teleport, destination] with inputs: [0.1 -0.5 .9, 0 0 0]
[22:04:08] [Render thread/WARN]: Ambiguity between arguments [teleport, location] and [teleport, targets] with inputs: [0.1 -0.5 .9, 0 0 0]
[22:04:08] [Render thread/WARN]: Ambiguity between arguments [teleport, targets] and [teleport, destination] with inputs: [Player, 0123, dd12be42-52a9-4a91-a8a1-11c01849e498]
[22:04:08] [Render thread/WARN]: Ambiguity between arguments [teleport, targets, location] and [teleport, targets, destination] with inputs: [0.1 -0.5 .9, 0 0 0]
[22:04:08] [Render thread/INFO]: Reloading ResourceManager: Default
[22:04:08] [Render thread/INFO]: Loaded 7 recipes
[22:04:08] [Render thread/INFO]: Loaded 927 advancements
[22:04:09] [Render thread/INFO]: Environment: authHost='https://authserver.mojang.com', accountsHost='https://api.mojang.com', sessionHost='https://sessionserver.mojang.com', servicesHost='https://api.minecraftservices.com', name='PROD'
[22:04:09] [Render thread/INFO]: Starting integrated minecraft server version 1.16.5
[22:04:09] [Render thread/INFO]: Generating keypair
[22:04:12] [Render thread/INFO]: Preparing start region for dimension minecraft:overworld
