[21:53:46] [Thread-4/INFO]: [STDOUT]: SERVER enter state: DORMANT
[21:53:46] [EnvServerSocketHandler/INFO]: Received Mission token cae05c45-0255-4946-8d93-0d6b275dfdad:0:0:1:true
[21:53:46] [EnvServerSocketHandler/INFO]: Received mission init command  <MissionInit xmlns="http://ProjectMalmo.microsoft.com" xmlns:xsi="http://www.w3.org/2001/XMLSchema-instance" SchemaVersion="" PlatformVersion="0.37.0"><Mission><About><Summary>MineRLBasaltFindCave-v0</Summary></About><ModSettings><MsPerTick>50</MsPerTick></ModSettings><ServerSection><ServerInitialConditions><Time><AllowPassageOfTime>false</AllowPassageOfTime></Time><AllowSpawning>true</AllowSpawning></ServerInitialConditions><ServerHandlers><DefaultWorldGenerator forceReset="true" generatorOptions="{}"/><ServerQuitFromTimeUp timeLimitMs="180000" description="out_of_time"/><ServerQuitWhenAnyAgentFinishes/></ServerHandlers></ServerSection><AgentSection mode="Survival"><Name>MineRLAgent0</Name><AgentStart><LowLevelInputs>true</LowLevelInputs><GuiScale>1.0</GuiScale><GammaSetting>2.0</GammaSetting><FOVSetting>70.0</FOVSetting><FakeCursorSize>16</FakeCursorSize><Inventory/><PreferredSpawnBiome>plains</PreferredSpawnBiome><DoneOnDeath>true</DoneOnDeath></AgentStart><AgentHandlers><FileBasedPerformanceProducer/><PauseCommand/><VideoProducer want_depth="false"><Width>640</Width><Height>360</Height></VideoProducer><HumanLevelCommands/><CameraCommands/></AgentHandlers></AgentSection></Mission><ExperimentUID>cae05c45-0255-4946-8d93-0d6b275dfdad</ExperimentUID><ClientRole>0</ClientRole><ClientAgentConnection><ClientIPAddress>127.0.0.1</ClientIPAddress><ClientMissionControlPort>0</ClientMissionControlPort><ClientCommandsPort>0</ClientCommandsPort><AgentIPAddress>127.0.0.1</AgentIPAddress><AgentMissionControlPort>0</AgentMissionControlPort><AgentVideoPort>0</AgentVideoPort><AgentDepthPort>0</AgentDepthPort><AgentLuminancePort>0</AgentLuminancePort><AgentObservationsPort>0</AgentObservationsPort><AgentRewardsPort>0</AgentRewardsPort><AgentColourMapPort>0</AgentColourMapPort></ClientAgentConnection></MissionInit>
[21:53:46] [EnvServerSocketHandler/INFO]: [STDOUT]: Setting width, height to 640, 360
[21:53:46] [EnvServerSocketHandler/INFO]: [STDOUT]: Gamma: 2.0
[21:53:46] [EnvServerSocketHandler/INFO]: [STDOUT]: FOV: 70.0
[21:53:46] [EnvServerSocketHandler/INFO]: [STDOUT]: GuiScale: 1.0
[21:53:46] [Render thread/INFO]: [STDOUT]: Seed not provided, generating random one: 2377328142018686207
[21:53:47] [Render thread/WARN]: Ambiguity between arguments [teleport, destination] and [teleport, targets] with inputs: [Player, 0123, @e, dd12be42-52a9-4a91-a8a1-11c01849e498]
[21:53:47] [Render thread/WARN]: Ambiguity between arguments [teleport, location] and [teleport, destination] with inputs: [0.1 -0.5 .9, 0 0 0]
[21:53:47] [Render thread/WARN]: Ambiguity between arguments [teleport, location] and [teleport, targets] with inputs: [0.1 -0.5 .9, 0 0 0]
[21:53:47] [Render thread/WARN]: Ambiguity between arguments [teleport, targets] and [teleport, destination] with inputs: [Player, 0123, dd12be42-52a9-4a91-a8a1-11c01849e498]
[21:53:47] [Render thread/WARN]: Ambiguity between arguments [teleport, targets, location] and [teleport, targets, destination] with inputs: [0.1 -0.5 .9, 0 0 0]
[21:53:47] [Render thread/INFO]: Reloading ResourceManager: Default
[21:53:47] [Render thread/INFO]: Loaded 7 recipes
[21:53:48] [Render thread/INFO]: Loaded 927 advancements
[21:53:48] [Render thread/INFO]: Environment: authHost='https://authserver.mojang.com', accountsHost='https://api.mojang.com', sessionHost='https://sessionserver.mojang.com', servicesHost='https://api.minecraftservices.com', name='PROD'
[21:53:48] [Render thread/INFO]: Starting integrated minecraft server version 1.16.5
[21:53:48] [Render thread/INFO]: Generating keypair
[21:53:52] [Render thread/INFO]: Preparing start region for dimension minecraft:overworld
[21:54:00] [Render thread/INFO]: Changing view distance to 11, from 10
[21:54:00] [Render thread/INFO]: MineRLAgent0[local:E:171f798c] logged in with entity id 289 at (422.5, 66.0, 723.5)
[21:54:00] [Render thread/INFO]: MineRLAgent0 joined the game
[21:54:00] [Render thread/INFO]: [STDOUT]: *** creating fake mouse cursor ***
[21:54:00] [Render thread/INFO]: Preparing spawn area: 0%
[21:54:00] [Render thread/INFO]: Time elapsed: 3 ms
[21:54:00] [Render thread/INFO]: [STDOUT]: Starting new video null
[21:54:00] [Render thread/INFO]: Saving and pausing game...
[21:54:00] [Render thread/INFO]: Saving chunks for level 'ServerLevel[mcpworldbf46ef446255]'/minecraft:overworld
[21:54:01] [Render thread/INFO]: Saving chunks for level 'ServerLevel[mcpworldbf46ef446255]'/minecraft:the_nether
[21:54:01] [Render thread/INFO]: Saving chunks for level 'ServerLevel[mcpworldbf46ef446255]'/minecraft:the_end
[21:54:01] [Render thread/INFO]: Loaded 0 advancements
[21:54:03] [EnvServerSocketHandler/ERROR]: Error while processing commands
java.lang.ArrayIndexOutOfBoundsException: 2
	at com.minerl.multiagent.env.EnvServer.constructMouseState(EnvServer.java:637) ~[mcprec-6.13.jar:?]
	at com.minerl.multiagent.env.EnvServer.execActions(EnvServer.java:601) ~[mcprec-6.13.jar:?]
	at com.minerl.multiagent.env.EnvServer.stepClient(EnvServer.java:512) ~[mcprec-6.13.jar:?]
	at com.minerl.multiagent.env.EnvServer.access$200(EnvServer.java:50) ~[mcprec-6.13.jar:?]
	at com.minerl.multiagent.env.EnvServer$1.run(EnvServer.java:119) [mcprec-6.13.jar:?]
[21:54:03] [EnvServerSocketHandler/INFO]: [STDOUT]: *** Stopping the replay, returning control to the inputs
[21:54:03] [EnvServerSocketHandler/INFO]: Received Mission token b763093f-1853-42f7-8e99-4d53e84ac9db:0:0:1:true
[21:54:03] [EnvServerSocketHandler/INFO]: Received mission init command  <MissionInit xmlns="http://ProjectMalmo.microsoft.com" xmlns:xsi="http://www.w3.org/2001/XMLSchema-instance" SchemaVersion="" PlatformVersion="0.37.0"><Mission><About><Summary>MineRLBasaltFindCave-v0</Summary></About><ModSettings><MsPerTick>50</MsPerTick></ModSettings><ServerSection><ServerInitialConditions><Time><AllowPassageOfTime>false</AllowPassageOfTime></Time><AllowSpawning>true</AllowSpawning></ServerInitialConditions><ServerHandlers><DefaultWorldGenerator forceReset="true" generatorOptions="{}"/><ServerQuitFromTimeUp timeLimitMs="180000" description="out_of_time"/><ServerQuitWhenAnyAgentFinishes/></ServerHandlers></ServerSection><AgentSection mode="Survival"><Name>MineRLAgent0</Name><AgentStart><LowLevelInputs>true</LowLevelInputs><GuiScale>1.0</GuiScale><GammaSetting>2.0</GammaSetting><FOVSetting>70.0</FOVSetting><FakeCursorSize>16</FakeCursorSize><Inventory/><PreferredSpawnBiome>plains</PreferredSpawnBiome><DoneOnDeath>true</DoneOnDeath></AgentStart><AgentHandlers><FileBasedPerformanceProducer/><PauseCommand/><VideoProducer want_depth="false"><Width>640</Width><Height>360</Height></VideoProducer><HumanLevelCommands/><CameraCommands/></AgentHandlers></AgentSection></Mission><ExperimentUID>b763093f-1853-42f7-8e99-4d53e84ac9db</ExperimentUID><ClientRole>0</ClientRole><ClientAgentConnection><ClientIPAddress>127.0.0.1</ClientIPAddress><ClientMissionControlPort>0</ClientMissionControlPort><ClientCommandsPort>0</ClientCommandsPort><AgentIPAddress>127.0.0.1</AgentIPAddress><AgentMissionControlPort>0</AgentMissionControlPort><AgentVideoPort>0</AgentVideoPort><AgentDepthPort>0</AgentDepthPort><AgentLuminancePort>0</AgentLuminancePort><AgentObservationsPort>0</AgentObservationsPort><AgentRewardsPort>0</AgentRewardsPort><AgentColourMapPort>0</AgentColourMapPort></ClientAgentConnection></MissionInit>
[21:54:04] [EnvServerSocketHandler/INFO]: [STDOUT]: Setting width, height to 640, 360
[21:54:04] [EnvServerSocketHandler/INFO]: [STDOUT]: Gamma: 2.0
[21:54:04] [EnvServerSocketHandler/INFO]: [STDOUT]: FOV: 70.0
[21:54:04] [EnvServerSocketHandler/INFO]: [STDOUT]: GuiScale: 1.0
[21:54:04] [Render thread/INFO]: [STDOUT]: Seed not provided, generating random one: 6539891349637936680
[21:54:04] [Render thread/WARN]: Ambiguity between arguments [teleport, destination] and [teleport, targets] with inputs: [Player, 0123, @e, dd12be42-52a9-4a91-a8a1-11c01849e498]
[21:54:04] [Render thread/WARN]: Ambiguity between arguments [teleport, location] and [teleport, destination] with inputs: [0.1 -0.5 .9, 0 0 0]
[21:54:04] [Render thread/WARN]: Ambiguity between arguments [teleport, location] and [teleport, targets] with inputs: [0.1 -0.5 .9, 0 0 0]
[21:54:04] [Render thread/WARN]: Ambiguity between arguments [teleport, targets] and [teleport, destination] with inputs: [Player, 0123, dd12be42-52a9-4a91-a8a1-11c01849e498]
[21:54:04] [Render thread/WARN]: Ambiguity between arguments [teleport, targets, location] and [teleport, targets, destination] with inputs: [0.1 -0.5 .9, 0 0 0]
[21:54:04] [Render thread/INFO]: Reloading ResourceManager: Default
[21:54:04] [Render thread/INFO]: Loaded 7 recipes
[21:54:04] [Render thread/INFO]: Loaded 927 advancements
[21:54:04] [Render thread/INFO]: Environment: authHost='https://authserver.mojang.com', accountsHost='https://api.mojang.com', sessionHost='https://sessionserver.mojang.com', servicesHost='https://api.minecraftservices.com', name='PROD'
[21:54:04] [Render thread/INFO]: Starting integrated minecraft server version 1.16.5
[21:54:04] [Render thread/INFO]: Generating keypair
[21:54:08] [Render thread/INFO]: Preparing start region for dimension minecraft:overworld
[21:54:13] [Render thread/INFO]: Changing view distance to 11, from 10
[21:54:13] [Render thread/INFO]: MineRLAgent0[local:E:97c82cd9] logged in with entity id 827 at (706.5, 69.0, 954.5)
[21:54:13] [Render thread/INFO]: MineRLAgent0 joined the game
[21:54:13] [Render thread/INFO]: Preparing spawn area: 54%
[21:54:13] [Render thread/INFO]: Time elapsed: 2 ms
[21:54:13] [Render thread/INFO]: [STDOUT]: Starting new video null
[21:54:13] [Render thread/INFO]: Saving and pausing game...
[21:54:13] [Render thread/INFO]: Saving chunks for level 'ServerLevel[mcpworld607193a25391]'/minecraft:overworld
[21:54:14] [Render thread/INFO]: Saving chunks for level 'ServerLevel[mcpworld607193a25391]'/minecraft:the_nether
[21:54:14] [Render thread/INFO]: Saving chunks for level 'ServerLevel[mcpworld607193a25391]'/minecraft:the_end
[21:54:14] [Render thread/INFO]: Loaded 0 advancements
[21:54:17] [EnvServerSocketHandler/INFO]: [STDOUT]: *** Stopping the replay, returning control to the inputs
