[19:26:02] [Thread-4/INFO]: [STDOUT]: SERVER enter state: DORMANT
[19:26:02] [EnvServerSocketHandler/INFO]: Received Mission token b39edccd-d127-4e3e-bb77-a8a31bfd8952:0:0:1:true
[19:26:02] [EnvServerSocketHandler/INFO]: Received mission init command  <MissionInit xmlns="http://ProjectMalmo.microsoft.com" xmlns:xsi="http://www.w3.org/2001/XMLSchema-instance" SchemaVersion="" PlatformVersion="0.37.0"><Mission><About><Summary>MineRLBasaltFindCave-v0</Summary></About><ModSettings><MsPerTick>50</MsPerTick></ModSettings><ServerSection><ServerInitialConditions><Time><AllowPassageOfTime>false</AllowPassageOfTime></Time><AllowSpawning>true</AllowSpawning></ServerInitialConditions><ServerHandlers><DefaultWorldGenerator forceReset="true" generatorOptions="{}"/><ServerQuitFromTimeUp timeLimitMs="180000" description="out_of_time"/><ServerQuitWhenAnyAgentFinishes/></ServerHandlers></ServerSection><AgentSection mode="Survival"><Name>MineRLAgent0</Name><AgentStart><LowLevelInputs>true</LowLevelInputs><GuiScale>1.0</GuiScale><GammaSetting>2.0</GammaSetting><FOVSetting>70.0</FOVSetting><FakeCursorSize>16</FakeCursorSize><Inventory/><PreferredSpawnBiome>plains</PreferredSpawnBiome><DoneOnDeath>true</DoneOnDeath></AgentStart><AgentHandlers><FileBasedPerformanceProducer/><PauseCommand/><VideoProducer want_depth="false"><Width>640</Width><Height>360</Height></VideoProducer><HumanLevelCommands/><CameraCommands/></AgentHandlers></AgentSection></Mission><ExperimentUID>b39edccd-d127-4e3e-bb77-a8a31bfd8952</ExperimentUID><ClientRole>0</ClientRole><ClientAgentConnection><ClientIPAddress>127.0.0.1</ClientIPAddress><ClientMissionControlPort>0</ClientMissionControlPort><ClientCommandsPort>0</ClientCommandsPort><AgentIPAddress>127.0.0.1</AgentIPAddress><AgentMissionControlPort>0</AgentMissionControlPort><AgentVideoPort>0</AgentVideoPort><AgentDepthPort>0</AgentDepthPort><AgentLuminancePort>0</AgentLuminancePort><AgentObservationsPort>0</AgentObservationsPort><AgentRewardsPort>0</AgentRewardsPort><AgentColourMapPort>0</AgentColourMapPort></ClientAgentConnection></MissionInit>
[19:26:03] [Render thread/INFO]: [STDOUT]: *** creating fake mouse cursor ***
[19:26:03] [EnvServerSocketHandler/INFO]: [STDOUT]: Setting width, height to 640, 360
[19:26:03] [EnvServerSocketHandler/INFO]: [STDOUT]: Gamma: 2.0
[19:26:03] [EnvServerSocketHandler/INFO]: [STDOUT]: FOV: 70.0
[19:26:03] [EnvServerSocketHandler/INFO]: [STDOUT]: GuiScale: 1.0
[19:26:03] [Render thread/INFO]: [STDOUT]: Seed not provided, generating random one: -3299838383606534787
[19:26:03] [Render thread/WARN]: Ambiguity between arguments [teleport, destination] and [teleport, targets] with inputs: [Player, 0123, @e, dd12be42-52a9-4a91-a8a1-11c01849e498]
[19:26:03] [Render thread/WARN]: Ambiguity between arguments [teleport, location] and [teleport, destination] with inputs: [0.1 -0.5 .9, 0 0 0]
[19:26:03] [Render thread/WARN]: Ambiguity between arguments [teleport, location] and [teleport, targets] with inputs: [0.1 -0.5 .9, 0 0 0]
[19:26:03] [Render thread/WARN]: Ambiguity between arguments [teleport, targets] and [teleport, destination] with inputs: [Player, 0123, dd12be42-52a9-4a91-a8a1-11c01849e498]
[19:26:03] [Render thread/WARN]: Ambiguity between arguments [teleport, targets, location] and [teleport, targets, destination] with inputs: [0.1 -0.5 .9, 0 0 0]
[19:26:03] [Render thread/INFO]: Reloading ResourceManager: Default
[19:26:04] [Render thread/INFO]: Loaded 7 recipes
[19:26:04] [Render thread/INFO]: Loaded 927 advancements
[19:26:04] [Render thread/INFO]: Environment: authHost='https://authserver.mojang.com', accountsHost='https://api.mojang.com', sessionHost='https://sessionserver.mojang.com', servicesHost='https://api.minecraftservices.com', name='PROD'
[19:26:04] [Render thread/INFO]: Starting integrated minecraft server version 1.16.5
[19:26:04] [Render thread/INFO]: Generating keypair
[19:26:08] [Render thread/INFO]: Preparing start region for dimension minecraft:overworld
[19:26:20] [Render thread/INFO]: Changing view distance to 11, from 10
[19:26:20] [Render thread/INFO]: MineRLAgent0[local:E:e1bc0f4e] logged in with entity id 227 at (-429.5, 65.0, 938.5)
[19:26:20] [Render thread/INFO]: MineRLAgent0 joined the game
[19:26:21] [Render thread/INFO]: Preparing spawn area: 6%
[19:26:21] [Render thread/INFO]: Time elapsed: 5 ms
[19:26:21] [Render thread/INFO]: [STDOUT]: Starting new video null
[19:26:21] [Render thread/INFO]: Saving and pausing game...
[19:26:21] [Render thread/INFO]: Saving chunks for level 'ServerLevel[mcpworldd15c84a3675f]'/minecraft:overworld
[19:26:22] [Render thread/INFO]: Saving chunks for level 'ServerLevel[mcpworldd15c84a3675f]'/minecraft:the_nether
[19:26:22] [Render thread/INFO]: Saving chunks for level 'ServerLevel[mcpworldd15c84a3675f]'/minecraft:the_end
[19:26:22] [Render thread/INFO]: Loaded 0 advancements
[19:26:26] [EnvServerSocketHandler/INFO]: [STDOUT]: *** Stopping the replay, returning control to the inputs
