[18:59:13] [Thread-4/INFO]: [STDOUT]: SERVER enter state: DORMANT
[18:59:13] [EnvServerSocketHandler/INFO]: Received Mission token 722919b0-af44-4e84-8ef3-1176ca1090a9:0:0:1:true
[18:59:13] [EnvServerSocketHandler/INFO]: Received mission init command  <MissionInit xmlns="http://ProjectMalmo.microsoft.com" xmlns:xsi="http://www.w3.org/2001/XMLSchema-instance" SchemaVersion="" PlatformVersion="0.37.0"><Mission><About><Summary>MineRLBasaltFindCave-v0</Summary></About><ModSettings><MsPerTick>50</MsPerTick></ModSettings><ServerSection><ServerInitialConditions><Time><AllowPassageOfTime>false</AllowPassageOfTime></Time><AllowSpawning>true</AllowSpawning></ServerInitialConditions><ServerHandlers><DefaultWorldGenerator forceReset="true" generatorOptions="{}"/><ServerQuitFromTimeUp timeLimitMs="180000" description="out_of_time"/><ServerQuitWhenAnyAgentFinishes/></ServerHandlers></ServerSection><AgentSection mode="Survival"><Name>MineRLAgent0</Name><AgentStart><LowLevelInputs>true</LowLevelInputs><GuiScale>1.0</GuiScale><GammaSetting>2.0</GammaSetting><FOVSetting>70.0</FOVSetting><FakeCursorSize>16</FakeCursorSize><Inventory/><PreferredSpawnBiome>plains</PreferredSpawnBiome><DoneOnDeath>true</DoneOnDeath></AgentStart><AgentHandlers><FileBasedPerformanceProducer/><PauseCommand/><VideoProducer want_depth="false"><Width>640</Width><Height>360</Height></VideoProducer><HumanLevelCommands/><CameraCommands/></AgentHandlers></AgentSection></Mission><ExperimentUID>722919b0-af44-4e84-8ef3-1176ca1090a9</ExperimentUID><ClientRole>0</ClientRole><ClientAgentConnection><ClientIPAddress>127.0.0.1</ClientIPAddress><ClientMissionControlPort>0</ClientMissionControlPort><ClientCommandsPort>0</ClientCommandsPort><AgentIPAddress>127.0.0.1</AgentIPAddress><AgentMissionControlPort>0</AgentMissionControlPort><AgentVideoPort>0</AgentVideoPort><AgentDepthPort>0</AgentDepthPort><AgentLuminancePort>0</AgentLuminancePort><AgentObservationsPort>0</AgentObservationsPort><AgentRewardsPort>0</AgentRewardsPort><AgentColourMapPort>0</AgentColourMapPort></ClientAgentConnection></MissionInit>
[18:59:15] [Render thread/INFO]: [STDOUT]: *** creating fake mouse cursor ***
[18:59:15] [EnvServerSocketHandler/INFO]: [STDOUT]: Setting width, height to 640, 360
[18:59:15] [EnvServerSocketHandler/INFO]: [STDOUT]: Gamma: 2.0
[18:59:15] [Sound engine/FATAL]: Error executing task on Sound executor
java.lang.NullPointerException: null
	at net.minecraft.client.audio.SoundSource.readFromStream(SoundSource.java:142) ~[mcprec-6.13.jar:?]
	at net.minecraft.client.audio.SoundSource.tick(SoundSource.java:159) ~[mcprec-6.13.jar:?]
	at net.minecraft.client.audio.ChannelManager.lambda$tick$3(ChannelManager.java:56) ~[mcprec-6.13.jar:?]
	at net.minecraft.util.concurrent.ThreadTaskExecutor.run(ThreadTaskExecutor.java:136) ~[mcprec-6.13.jar:?]
	at net.minecraft.util.concurrent.ThreadTaskExecutor.driveOne(ThreadTaskExecutor.java:109) ~[mcprec-6.13.jar:?]
	at net.minecraft.util.concurrent.ThreadTaskExecutor.driveUntil(ThreadTaskExecutor.java:119) ~[mcprec-6.13.jar:?]
	at net.minecraft.client.audio.SoundEngineExecutor.run(SoundEngineExecutor.java:39) ~[mcprec-6.13.jar:?]
	at java.lang.Thread.run(Thread.java:750) [?:1.8.0_392]
[18:59:15] [EnvServerSocketHandler/INFO]: [STDOUT]: FOV: 70.0
[18:59:15] [EnvServerSocketHandler/INFO]: [STDOUT]: GuiScale: 1.0
[18:59:15] [Render thread/INFO]: [STDOUT]: Seed not provided, generating random one: 4738783409190432309
[18:59:17] [Render thread/WARN]: Ambiguity between arguments [teleport, destination] and [teleport, targets] with inputs: [Player, 0123, @e, dd12be42-52a9-4a91-a8a1-11c01849e498]
[18:59:17] [Render thread/WARN]: Ambiguity between arguments [teleport, location] and [teleport, destination] with inputs: [0.1 -0.5 .9, 0 0 0]
[18:59:17] [Render thread/WARN]: Ambiguity between arguments [teleport, location] and [teleport, targets] with inputs: [0.1 -0.5 .9, 0 0 0]
[18:59:17] [Render thread/WARN]: Ambiguity between arguments [teleport, targets] and [teleport, destination] with inputs: [Player, 0123, dd12be42-52a9-4a91-a8a1-11c01849e498]
[18:59:17] [Render thread/WARN]: Ambiguity between arguments [teleport, targets, location] and [teleport, targets, destination] with inputs: [0.1 -0.5 .9, 0 0 0]
[18:59:17] [Render thread/INFO]: Reloading ResourceManager: Default
[18:59:17] [Render thread/INFO]: Loaded 7 recipes
[18:59:17] [Render thread/INFO]: Loaded 927 advancements
[18:59:18] [Render thread/INFO]: Environment: authHost='https://authserver.mojang.com', accountsHost='https://api.mojang.com', sessionHost='https://sessionserver.mojang.com', servicesHost='https://api.minecraftservices.com', name='PROD'
[18:59:18] [Render thread/INFO]: Starting integrated minecraft server version 1.16.5
[18:59:18] [Render thread/INFO]: Generating keypair
[18:59:23] [Render thread/INFO]: Preparing start region for dimension minecraft:overworld
[18:59:32] [Render thread/INFO]: Changing view distance to 11, from 10
[18:59:32] [Render thread/INFO]: MineRLAgent0[local:E:491d2c6c] logged in with entity id 110 at (242.5, 64.0, -421.5)
[18:59:32] [Render thread/INFO]: MineRLAgent0 joined the game
[18:59:32] [Render thread/INFO]: Preparing spawn area: 0%
[18:59:32] [Render thread/INFO]: Time elapsed: 5 ms
[18:59:33] [Render thread/INFO]: [STDOUT]: Starting new video null
[18:59:33] [Render thread/INFO]: Saving and pausing game...
[18:59:33] [Render thread/INFO]: Saving chunks for level 'ServerLevel[mcpworldd55e87c86cc8]'/minecraft:overworld
[18:59:33] [Render thread/INFO]: Saving chunks for level 'ServerLevel[mcpworldd55e87c86cc8]'/minecraft:the_nether
[18:59:33] [Render thread/INFO]: Saving chunks for level 'ServerLevel[mcpworldd55e87c86cc8]'/minecraft:the_end
[18:59:34] [Render thread/INFO]: Loaded 0 advancements
[19:02:48] [EnvServerSocketHandler/INFO]: [STDOUT]: *** Stopping the replay, returning control to the inputs
[19:02:48] [EnvServerSocketHandler/INFO]: Received Mission token 53e90f82-be69-43b5-9150-a266d4d9b1d6:0:0:1:true
[19:02:48] [EnvServerSocketHandler/INFO]: Received mission init command  <MissionInit xmlns="http://ProjectMalmo.microsoft.com" xmlns:xsi="http://www.w3.org/2001/XMLSchema-instance" SchemaVersion="" PlatformVersion="0.37.0"><Mission><About><Summary>MineRLBasaltFindCave-v0</Summary></About><ModSettings><MsPerTick>50</MsPerTick></ModSettings><ServerSection><ServerInitialConditions><Time><AllowPassageOfTime>false</AllowPassageOfTime></Time><AllowSpawning>true</AllowSpawning></ServerInitialConditions><ServerHandlers><DefaultWorldGenerator forceReset="true" generatorOptions="{}"/><ServerQuitFromTimeUp timeLimitMs="180000" description="out_of_time"/><ServerQuitWhenAnyAgentFinishes/></ServerHandlers></ServerSection><AgentSection mode="Survival"><Name>MineRLAgent0</Name><AgentStart><LowLevelInputs>true</LowLevelInputs><GuiScale>1.0</GuiScale><GammaSetting>2.0</GammaSetting><FOVSetting>70.0</FOVSetting><FakeCursorSize>16</FakeCursorSize><Inventory/><PreferredSpawnBiome>plains</PreferredSpawnBiome><DoneOnDeath>true</DoneOnDeath></AgentStart><AgentHandlers><FileBasedPerformanceProducer/><PauseCommand/><VideoProducer want_depth="false"><Width>640</Width><Height>360</Height></VideoProducer><HumanLevelCommands/><CameraCommands/></AgentHandlers></AgentSection></Mission><ExperimentUID>53e90f82-be69-43b5-9150-a266d4d9b1d6</ExperimentUID><ClientRole>0</ClientRole><ClientAgentConnection><ClientIPAddress>127.0.0.1</ClientIPAddress><ClientMissionControlPort>0</ClientMissionControlPort><ClientCommandsPort>0</ClientCommandsPort><AgentIPAddress>127.0.0.1</AgentIPAddress><AgentMissionControlPort>0</AgentMissionControlPort><AgentVideoPort>0</AgentVideoPort><AgentDepthPort>0</AgentDepthPort><AgentLuminancePort>0</AgentLuminancePort><AgentObservationsPort>0</AgentObservationsPort><AgentRewardsPort>0</AgentRewardsPort><AgentColourMapPort>0</AgentColourMapPort></ClientAgentConnection></MissionInit>
[19:02:48] [EnvServerSocketHandler/INFO]: [STDOUT]: Setting width, height to 640, 360
[19:02:48] [EnvServerSocketHandler/INFO]: [STDOUT]: Gamma: 2.0
[19:02:48] [EnvServerSocketHandler/INFO]: [STDOUT]: FOV: 70.0
[19:02:48] [EnvServerSocketHandler/INFO]: [STDOUT]: GuiScale: 1.0
[19:02:48] [Render thread/INFO]: [STDOUT]: Seed not provided, generating random one: -2837784646865087226
[19:02:48] [Render thread/WARN]: Ambiguity between arguments [teleport, destination] and [teleport, targets] with inputs: [Player, 0123, @e, dd12be42-52a9-4a91-a8a1-11c01849e498]
[19:02:48] [Render thread/WARN]: Ambiguity between arguments [teleport, location] and [teleport, destination] with inputs: [0.1 -0.5 .9, 0 0 0]
[19:02:48] [Render thread/WARN]: Ambiguity between arguments [teleport, location] and [teleport, targets] with inputs: [0.1 -0.5 .9, 0 0 0]
[19:02:48] [Render thread/WARN]: Ambiguity between arguments [teleport, targets] and [teleport, destination] with inputs: [Player, 0123, dd12be42-52a9-4a91-a8a1-11c01849e498]
[19:02:48] [Render thread/WARN]: Ambiguity between arguments [teleport, targets, location] and [teleport, targets, destination] with inputs: [0.1 -0.5 .9, 0 0 0]
[19:02:48] [Render thread/INFO]: Reloading ResourceManager: Default
[19:02:48] [Render thread/INFO]: Loaded 7 recipes
[19:02:48] [Render thread/INFO]: Loaded 927 advancements
[19:02:48] [Render thread/INFO]: Environment: authHost='https://authserver.mojang.com', accountsHost='https://api.mojang.com', sessionHost='https://sessionserver.mojang.com', servicesHost='https://api.minecraftservices.com', name='PROD'
[19:02:48] [Render thread/INFO]: Starting integrated minecraft server version 1.16.5
[19:02:48] [Render thread/INFO]: Generating keypair
[19:02:51] [Render thread/INFO]: Preparing start region for dimension minecraft:overworld
[19:02:57] [Render thread/INFO]: Changing view distance to 11, from 10
[19:02:58] [Render thread/INFO]: MineRLAgent0[local:E:77b9027c] logged in with entity id 1850 at (102.5, 61.0, 818.5)
[19:02:58] [Render thread/INFO]: MineRLAgent0 joined the game
[19:02:58] [Render thread/INFO]: Preparing spawn area: 31%
[19:02:58] [Render thread/INFO]: Time elapsed: 2 ms
[19:02:59] [Render thread/INFO]: [STDOUT]: Starting new video null
[19:02:59] [Render thread/INFO]: Saving and pausing game...
[19:02:59] [Render thread/INFO]: Saving chunks for level 'ServerLevel[mcpworldb55d3bee9b2d]'/minecraft:overworld
[19:02:59] [Render thread/INFO]: Saving chunks for level 'ServerLevel[mcpworldb55d3bee9b2d]'/minecraft:the_nether
[19:02:59] [Render thread/INFO]: Saving chunks for level 'ServerLevel[mcpworldb55d3bee9b2d]'/minecraft:the_end
[19:03:00] [Render thread/INFO]: Loaded 0 advancements
[19:05:15] [EnvServerSocketHandler/INFO]: [STDOUT]: *** Stopping the replay, returning control to the inputs
[19:05:15] [EnvServerSocketHandler/INFO]: Received Mission token e6e0912f-e886-4f0e-9772-836db582ed28:0:0:1:true
[19:05:15] [EnvServerSocketHandler/INFO]: Received mission init command  <MissionInit xmlns="http://ProjectMalmo.microsoft.com" xmlns:xsi="http://www.w3.org/2001/XMLSchema-instance" SchemaVersion="" PlatformVersion="0.37.0"><Mission><About><Summary>MineRLBasaltFindCave-v0</Summary></About><ModSettings><MsPerTick>50</MsPerTick></ModSettings><ServerSection><ServerInitialConditions><Time><AllowPassageOfTime>false</AllowPassageOfTime></Time><AllowSpawning>true</AllowSpawning></ServerInitialConditions><ServerHandlers><DefaultWorldGenerator forceReset="true" generatorOptions="{}"/><ServerQuitFromTimeUp timeLimitMs="180000" description="out_of_time"/><ServerQuitWhenAnyAgentFinishes/></ServerHandlers></ServerSection><AgentSection mode="Survival"><Name>MineRLAgent0</Name><AgentStart><LowLevelInputs>true</LowLevelInputs><GuiScale>1.0</GuiScale><GammaSetting>2.0</GammaSetting><FOVSetting>70.0</FOVSetting><FakeCursorSize>16</FakeCursorSize><Inventory/><PreferredSpawnBiome>plains</PreferredSpawnBiome><DoneOnDeath>true</DoneOnDeath></AgentStart><AgentHandlers><FileBasedPerformanceProducer/><PauseCommand/><VideoProducer want_depth="false"><Width>640</Width><Height>360</Height></VideoProducer><HumanLevelCommands/><CameraCommands/></AgentHandlers></AgentSection></Mission><ExperimentUID>e6e0912f-e886-4f0e-9772-836db582ed28</ExperimentUID><ClientRole>0</ClientRole><ClientAgentConnection><ClientIPAddress>127.0.0.1</ClientIPAddress><ClientMissionControlPort>0</ClientMissionControlPort><ClientCommandsPort>0</ClientCommandsPort><AgentIPAddress>127.0.0.1</AgentIPAddress><AgentMissionControlPort>0</AgentMissionControlPort><AgentVideoPort>0</AgentVideoPort><AgentDepthPort>0</AgentDepthPort><AgentLuminancePort>0</AgentLuminancePort><AgentObservationsPort>0</AgentObservationsPort><AgentRewardsPort>0</AgentRewardsPort><AgentColourMapPort>0</AgentColourMapPort></ClientAgentConnection></MissionInit>
[19:05:15] [EnvServerSocketHandler/INFO]: [STDOUT]: Setting width, height to 640, 360
[19:05:15] [EnvServerSocketHandler/INFO]: [STDOUT]: Gamma: 2.0
[19:05:15] [EnvServerSocketHandler/INFO]: [STDOUT]: FOV: 70.0
[19:05:15] [EnvServerSocketHandler/INFO]: [STDOUT]: GuiScale: 1.0
[19:05:16] [Render thread/INFO]: [STDOUT]: Seed not provided, generating random one: -6605880097491443809
[19:05:16] [Render thread/WARN]: Ambiguity between arguments [teleport, destination] and [teleport, targets] with inputs: [Player, 0123, @e, dd12be42-52a9-4a91-a8a1-11c01849e498]
[19:05:16] [Render thread/WARN]: Ambiguity between arguments [teleport, location] and [teleport, destination] with inputs: [0.1 -0.5 .9, 0 0 0]
[19:05:16] [Render thread/WARN]: Ambiguity between arguments [teleport, location] and [teleport, targets] with inputs: [0.1 -0.5 .9, 0 0 0]
[19:05:16] [Render thread/WARN]: Ambiguity between arguments [teleport, targets] and [teleport, destination] with inputs: [Player, 0123, dd12be42-52a9-4a91-a8a1-11c01849e498]
[19:05:16] [Render thread/WARN]: Ambiguity between arguments [teleport, targets, location] and [teleport, targets, destination] with inputs: [0.1 -0.5 .9, 0 0 0]
[19:05:16] [Render thread/INFO]: Reloading ResourceManager: Default
[19:05:16] [Render thread/INFO]: Loaded 7 recipes
[19:05:16] [Render thread/INFO]: Loaded 927 advancements
[19:05:16] [Render thread/INFO]: Environment: authHost='https://authserver.mojang.com', accountsHost='https://api.mojang.com', sessionHost='https://sessionserver.mojang.com', servicesHost='https://api.minecraftservices.com', name='PROD'
[19:05:16] [Render thread/INFO]: Starting integrated minecraft server version 1.16.5
[19:05:16] [Render thread/INFO]: Generating keypair
[19:05:18] [Render thread/INFO]: Preparing start region for dimension minecraft:overworld
[19:05:25] [Render thread/INFO]: Changing view distance to 11, from 10
[19:05:25] [Render thread/INFO]: MineRLAgent0[local:E:52245e9c] logged in with entity id 3320 at (130.5, 69.0, 602.5)
[19:05:25] [Render thread/INFO]: MineRLAgent0 joined the game
[19:05:25] [Render thread/INFO]: Preparing spawn area: 0%
[19:05:25] [Render thread/INFO]: Time elapsed: 2 ms
[19:05:26] [Render thread/INFO]: [STDOUT]: Starting new video null
[19:05:26] [Render thread/INFO]: Saving and pausing game...
[19:05:26] [Render thread/INFO]: Saving chunks for level 'ServerLevel[mcpworld9ed863349c68]'/minecraft:overworld
[19:05:26] [Render thread/INFO]: Saving chunks for level 'ServerLevel[mcpworld9ed863349c68]'/minecraft:the_nether
[19:05:26] [Render thread/INFO]: Saving chunks for level 'ServerLevel[mcpworld9ed863349c68]'/minecraft:the_end
[19:05:27] [Render thread/INFO]: Loaded 0 advancements
